<?xml version="1.0" encoding="UTF-8"?>
<testng-results ignored="0" total="2" passed="2" failed="0" skipped="0">
  <reporter-output>
  </reporter-output>
  <suite started-at="2024-03-18T15:05:08 IST" name="Suite" finished-at="2024-03-18T15:05:21 IST" duration-ms="12243">
    <groups>
      <group name="regression">
        <method signature="TC_001_TestRegistration.Test_AccountRegistration()[pri:0, instance:testCases.TC_001_TestRegistration@fc258b1]" name="Test_AccountRegistration" class="testCases.TC_001_TestRegistration"/>
      </group> <!-- regression -->
      <group name="sanity">
        <method signature="TC_002_LoginTest.verify_login()[pri:0, instance:testCases.TC_002_LoginTest@674bd420]" name="verify_login" class="testCases.TC_002_LoginTest"/>
      </group> <!-- sanity -->
      <group name="master">
        <method signature="TC_001_TestRegistration.Test_AccountRegistration()[pri:0, instance:testCases.TC_001_TestRegistration@fc258b1]" name="Test_AccountRegistration" class="testCases.TC_001_TestRegistration"/>
        <method signature="TC_002_LoginTest.verify_login()[pri:0, instance:testCases.TC_002_LoginTest@674bd420]" name="verify_login" class="testCases.TC_002_LoginTest"/>
      </group> <!-- master -->
    </groups>
    <test started-at="2024-03-18T15:05:08 IST" name="Test" finished-at="2024-03-18T15:05:21 IST" duration-ms="12243">
      <class name="testCases.TC_002_LoginTest">
        <test-method is-config="true" signature="setup(java.lang.String,java.lang.String)[pri:0, instance:testCases.TC_002_LoginTest@674bd420]" started-at="2024-03-18T15:05:15 IST" name="setup" finished-at="2024-03-18T15:05:19 IST" duration-ms="4236" status="PASS">
          <params>
            <param index="0">
              <value>
                <![CDATA[Windows]]>
              </value>
            </param>
            <param index="1">
              <value>
                <![CDATA[chrome]]>
              </value>
            </param>
          </params>
          <reporter-output>
          </reporter-output>
        </test-method> <!-- setup -->
        <test-method signature="verify_login()[pri:0, instance:testCases.TC_002_LoginTest@674bd420]" started-at="2024-03-18T15:05:19 IST" name="verify_login" finished-at="2024-03-18T15:05:21 IST" duration-ms="1207" status="PASS">
          <reporter-output>
          </reporter-output>
        </test-method> <!-- verify_login -->
        <test-method is-config="true" signature="tearDown()[pri:0, instance:testCases.TC_002_LoginTest@674bd420]" started-at="2024-03-18T15:05:21 IST" name="tearDown" finished-at="2024-03-18T15:05:21 IST" duration-ms="111" status="PASS">
          <reporter-output>
          </reporter-output>
        </test-method> <!-- tearDown -->
      </class> <!-- testCases.TC_002_LoginTest -->
      <class name="testCases.TC_001_TestRegistration">
        <test-method is-config="true" signature="setup(java.lang.String,java.lang.String)[pri:0, instance:testCases.TC_001_TestRegistration@fc258b1]" started-at="2024-03-18T15:05:09 IST" name="setup" finished-at="2024-03-18T15:05:13 IST" duration-ms="4343" status="PASS">
          <params>
            <param index="0">
              <value>
                <![CDATA[Windows]]>
              </value>
            </param>
            <param index="1">
              <value>
                <![CDATA[chrome]]>
              </value>
            </param>
          </params>
          <reporter-output>
          </reporter-output>
        </test-method> <!-- setup -->
        <test-method signature="Test_AccountRegistration()[pri:0, instance:testCases.TC_001_TestRegistration@fc258b1]" started-at="2024-03-18T15:05:13 IST" name="Test_AccountRegistration" finished-at="2024-03-18T15:05:15 IST" duration-ms="1834" status="PASS">
          <reporter-output>
          </reporter-output>
        </test-method> <!-- Test_AccountRegistration -->
        <test-method is-config="true" signature="tearDown()[pri:0, instance:testCases.TC_001_TestRegistration@fc258b1]" started-at="2024-03-18T15:05:15 IST" name="tearDown" finished-at="2024-03-18T15:05:15 IST" duration-ms="123" status="PASS">
          <reporter-output>
          </reporter-output>
        </test-method> <!-- tearDown -->
      </class> <!-- testCases.TC_001_TestRegistration -->
    </test> <!-- Test -->
  </suite> <!-- Suite -->
</testng-results>
